2026-06-16 16:00:26,920 | INFO | email_queue_handler.logging | logging configured log_level=INFO log_file=logs/email_queue_handler.log
2026-06-16 16:00:26,921 | INFO | email_queue_handler.service | starting service app=run-test env=TEST
2026-06-16 16:00:26,921 | INFO | email_queue_handler.service | running service app=run-test env=TEST
2026-06-16 16:00:26,921 | INFO | email_queue_handler.service | no pending emails
2026-06-16 16:00:26,921 | INFO | email_queue_handler.service | stopping service app=run-test env=TEST
2026-06-16 16:00:26,922 | INFO | email_queue_handler.email_repository | fetching pending emails from OracleInterface.tblEmailMessage
2026-06-16 16:00:26,923 | INFO | email_queue_handler.email_repository | fetched 2 pending email(s)
2026-06-16 16:00:26,923 | INFO | email_queue_handler.email_repository | fetching pending emails from OracleInterface.tblEmailMessage
2026-06-16 16:00:26,924 | INFO | email_queue_handler.email_repository | fetched 0 pending email(s)
2026-06-16 16:00:26,924 | INFO | email_queue_handler.email_repository | fetching pending emails from OracleInterface.tblEmailMessage
2026-06-16 16:00:26,924 | INFO | email_queue_handler.email_repository | fetched 1 pending email(s)
2026-06-16 16:00:26,925 | INFO | email_queue_handler.email_repository | marked email sent serial=16336
2026-06-16 16:00:26,926 | INFO | email_queue_handler.email_repository | marked email sent serial=1
2026-06-16 16:00:26,933 | INFO | email_queue_handler.processor | email processed serial=42
2026-06-16 16:00:26,934 | ERROR | email_queue_handler.processor | email failed serial=7
Traceback (most recent call last):
  File "/home/jlant/4-projects/email-queue-handler/src/email_queue_handler/processor.py", line 49, in handle_email
    mailer.send_one(email)
  File "/home/jlant/4-projects/email-queue-handler/tests/conftest.py", line 66, in send_one
    raise ValueError(msg)
ValueError: simulated send failure for bad@example.com
2026-06-16 16:00:26,935 | ERROR | email_queue_handler.processor | email failed serial=7
Traceback (most recent call last):
  File "/home/jlant/4-projects/email-queue-handler/src/email_queue_handler/processor.py", line 49, in handle_email
    mailer.send_one(email)
  File "/home/jlant/4-projects/email-queue-handler/tests/conftest.py", line 66, in send_one
    raise ValueError(msg)
ValueError: simulated send failure for bad@example.com
2026-06-16 16:00:26,936 | ERROR | email_queue_handler.processor | email failed serial=9
Traceback (most recent call last):
  File "/home/jlant/4-projects/email-queue-handler/src/email_queue_handler/processor.py", line 48, in handle_email
    validate_email(email)
  File "/home/jlant/4-projects/email-queue-handler/src/email_queue_handler/processor.py", line 22, in validate_email
    raise ValueError(msg)
ValueError: recipient is empty
2026-06-16 16:00:26,937 | ERROR | email_queue_handler.processor | email failed serial=5
Traceback (most recent call last):
  File "/home/jlant/4-projects/email-queue-handler/src/email_queue_handler/processor.py", line 52, in handle_email
    marker.mark_sent(email.serial_number)
  File "/home/jlant/4-projects/email-queue-handler/tests/conftest.py", line 94, in mark_sent
    raise RuntimeError(msg)
RuntimeError: simulated mark failure for 5
2026-06-16 16:00:26,937 | INFO | email_queue_handler.service | starting service app=email-queue-handler env=DEV
2026-06-16 16:00:26,938 | INFO | email_queue_handler.service | running service app=email-queue-handler env=DEV
2026-06-16 16:00:26,938 | INFO | email_queue_handler.processor | email processed serial=1
2026-06-16 16:00:26,938 | INFO | email_queue_handler.processor | email processed serial=2
2026-06-16 16:00:26,938 | INFO | email_queue_handler.processor | email processed serial=3
2026-06-16 16:00:26,938 | INFO | email_queue_handler.service | run complete fetched=3 sent=3 failed=0
2026-06-16 16:00:26,939 | INFO | email_queue_handler.service | starting service app=email-queue-handler env=DEV
2026-06-16 16:00:26,939 | INFO | email_queue_handler.service | running service app=email-queue-handler env=DEV
2026-06-16 16:00:26,939 | INFO | email_queue_handler.processor | email processed serial=1
2026-06-16 16:00:26,939 | ERROR | email_queue_handler.processor | email failed serial=2
Traceback (most recent call last):
  File "/home/jlant/4-projects/email-queue-handler/src/email_queue_handler/processor.py", line 49, in handle_email
    mailer.send_one(email)
  File "/home/jlant/4-projects/email-queue-handler/tests/conftest.py", line 66, in send_one
    raise ValueError(msg)
ValueError: simulated send failure for bad@x.com
2026-06-16 16:00:26,939 | INFO | email_queue_handler.processor | email processed serial=3
2026-06-16 16:00:26,939 | INFO | email_queue_handler.service | run complete fetched=3 sent=2 failed=1
2026-06-16 16:00:26,940 | INFO | email_queue_handler.service | starting service app=email-queue-handler env=DEV
2026-06-16 16:00:26,940 | INFO | email_queue_handler.service | running service app=email-queue-handler env=DEV
2026-06-16 16:00:26,940 | INFO | email_queue_handler.service | no pending emails
2026-06-16 16:00:26,941 | INFO | email_queue_handler.service | starting service app=email-queue-handler env=DEV
2026-06-16 16:00:26,941 | INFO | email_queue_handler.service | running service app=email-queue-handler env=DEV
2026-06-16 16:00:26,942 | INFO | email_queue_handler.service | starting service app=email-queue-handler env=DEV
2026-06-16 16:00:26,942 | INFO | email_queue_handler.service | running service app=email-queue-handler env=DEV
2026-06-16 16:00:28,235 | INFO | email_queue_handler.logging | logging configured log_level=INFO log_file=logs/email_queue_handler.log
2026-06-16 16:00:28,235 | INFO | email_queue_handler.service | starting service app=run-test env=TEST
2026-06-16 16:00:28,235 | INFO | email_queue_handler.service | running service app=run-test env=TEST
2026-06-16 16:00:28,235 | INFO | email_queue_handler.service | no pending emails
2026-06-16 16:00:28,235 | INFO | email_queue_handler.service | stopping service app=run-test env=TEST
2026-06-16 16:00:28,236 | INFO | email_queue_handler.email_repository | fetching pending emails from OracleInterface.tblEmailMessage
2026-06-16 16:00:28,236 | INFO | email_queue_handler.email_repository | fetched 2 pending email(s)
2026-06-16 16:00:28,237 | INFO | email_queue_handler.email_repository | fetching pending emails from OracleInterface.tblEmailMessage
2026-06-16 16:00:28,237 | INFO | email_queue_handler.email_repository | fetched 0 pending email(s)
2026-06-16 16:00:28,238 | INFO | email_queue_handler.email_repository | fetching pending emails from OracleInterface.tblEmailMessage
2026-06-16 16:00:28,238 | INFO | email_queue_handler.email_repository | fetched 1 pending email(s)
2026-06-16 16:00:28,238 | INFO | email_queue_handler.email_repository | marked email sent serial=16336
2026-06-16 16:00:28,239 | INFO | email_queue_handler.email_repository | marked email sent serial=1
2026-06-16 16:00:28,246 | INFO | email_queue_handler.processor | email processed serial=42
2026-06-16 16:00:28,247 | ERROR | email_queue_handler.processor | email failed serial=7
Traceback (most recent call last):
  File "/home/jlant/4-projects/email-queue-handler/src/email_queue_handler/processor.py", line 49, in handle_email
    mailer.send_one(email)
  File "/home/jlant/4-projects/email-queue-handler/tests/conftest.py", line 66, in send_one
    raise ValueError(msg)
ValueError: simulated send failure for bad@example.com
2026-06-16 16:00:28,248 | ERROR | email_queue_handler.processor | email failed serial=7
Traceback (most recent call last):
  File "/home/jlant/4-projects/email-queue-handler/src/email_queue_handler/processor.py", line 49, in handle_email
    mailer.send_one(email)
  File "/home/jlant/4-projects/email-queue-handler/tests/conftest.py", line 66, in send_one
    raise ValueError(msg)
ValueError: simulated send failure for bad@example.com
2026-06-16 16:00:28,249 | ERROR | email_queue_handler.processor | email failed serial=9
Traceback (most recent call last):
  File "/home/jlant/4-projects/email-queue-handler/src/email_queue_handler/processor.py", line 48, in handle_email
    validate_email(email)
  File "/home/jlant/4-projects/email-queue-handler/src/email_queue_handler/processor.py", line 22, in validate_email
    raise ValueError(msg)
ValueError: recipient is empty
2026-06-16 16:00:28,250 | ERROR | email_queue_handler.processor | email failed serial=5
Traceback (most recent call last):
  File "/home/jlant/4-projects/email-queue-handler/src/email_queue_handler/processor.py", line 52, in handle_email
    marker.mark_sent(email.serial_number)
  File "/home/jlant/4-projects/email-queue-handler/tests/conftest.py", line 94, in mark_sent
    raise RuntimeError(msg)
RuntimeError: simulated mark failure for 5
2026-06-16 16:00:28,251 | INFO | email_queue_handler.service | starting service app=email-queue-handler env=DEV
2026-06-16 16:00:28,251 | INFO | email_queue_handler.service | running service app=email-queue-handler env=DEV
2026-06-16 16:00:28,251 | INFO | email_queue_handler.processor | email processed serial=1
2026-06-16 16:00:28,251 | INFO | email_queue_handler.processor | email processed serial=2
2026-06-16 16:00:28,251 | INFO | email_queue_handler.processor | email processed serial=3
2026-06-16 16:00:28,251 | INFO | email_queue_handler.service | run complete fetched=3 sent=3 failed=0
2026-06-16 16:00:28,252 | INFO | email_queue_handler.service | starting service app=email-queue-handler env=DEV
2026-06-16 16:00:28,252 | INFO | email_queue_handler.service | running service app=email-queue-handler env=DEV
2026-06-16 16:00:28,252 | INFO | email_queue_handler.processor | email processed serial=1
2026-06-16 16:00:28,252 | ERROR | email_queue_handler.processor | email failed serial=2
Traceback (most recent call last):
  File "/home/jlant/4-projects/email-queue-handler/src/email_queue_handler/processor.py", line 49, in handle_email
    mailer.send_one(email)
  File "/home/jlant/4-projects/email-queue-handler/tests/conftest.py", line 66, in send_one
    raise ValueError(msg)
ValueError: simulated send failure for bad@x.com
2026-06-16 16:00:28,252 | INFO | email_queue_handler.processor | email processed serial=3
2026-06-16 16:00:28,252 | INFO | email_queue_handler.service | run complete fetched=3 sent=2 failed=1
2026-06-16 16:00:28,253 | INFO | email_queue_handler.service | starting service app=email-queue-handler env=DEV
2026-06-16 16:00:28,253 | INFO | email_queue_handler.service | running service app=email-queue-handler env=DEV
2026-06-16 16:00:28,253 | INFO | email_queue_handler.service | no pending emails
2026-06-16 16:00:28,254 | INFO | email_queue_handler.service | starting service app=email-queue-handler env=DEV
2026-06-16 16:00:28,254 | INFO | email_queue_handler.service | running service app=email-queue-handler env=DEV
2026-06-16 16:00:28,254 | INFO | email_queue_handler.service | starting service app=email-queue-handler env=DEV
2026-06-16 16:00:28,254 | INFO | email_queue_handler.service | running service app=email-queue-handler env=DEV
2026-06-16 16:01:30,617 | INFO | email_queue_handler.logging | logging configured log_level=INFO log_file=logs/email_queue_handler.log
2026-06-16 16:01:30,618 | INFO | email_queue_handler.service | starting service app=run-test env=TEST
2026-06-16 16:01:30,619 | INFO | email_queue_handler.service | running service app=run-test env=TEST
2026-06-16 16:01:30,619 | INFO | email_queue_handler.service | no pending emails
2026-06-16 16:01:30,619 | INFO | email_queue_handler.service | stopping service app=run-test env=TEST
2026-06-16 16:01:30,620 | INFO | email_queue_handler.email_repository | fetching pending emails from OracleInterface.tblEmailMessage
2026-06-16 16:01:30,620 | INFO | email_queue_handler.email_repository | fetched 2 pending email(s)
2026-06-16 16:01:30,620 | INFO | email_queue_handler.email_repository | fetching pending emails from OracleInterface.tblEmailMessage
2026-06-16 16:01:30,620 | INFO | email_queue_handler.email_repository | fetched 0 pending email(s)
2026-06-16 16:01:30,621 | INFO | email_queue_handler.email_repository | fetching pending emails from OracleInterface.tblEmailMessage
2026-06-16 16:01:30,621 | INFO | email_queue_handler.email_repository | fetched 1 pending email(s)
2026-06-16 16:01:30,622 | INFO | email_queue_handler.email_repository | marked email sent serial=16336
2026-06-16 16:01:30,622 | INFO | email_queue_handler.email_repository | marked email sent serial=1
2026-06-16 16:01:30,628 | INFO | email_queue_handler.processor | email processed serial=42
2026-06-16 16:01:30,629 | ERROR | email_queue_handler.processor | email failed serial=7
Traceback (most recent call last):
  File "/home/jlant/4-projects/email-queue-handler/src/email_queue_handler/processor.py", line 49, in handle_email
    mailer.send_one(email)
  File "/home/jlant/4-projects/email-queue-handler/tests/conftest.py", line 66, in send_one
    raise ValueError(msg)
ValueError: simulated send failure for bad@example.com
2026-06-16 16:01:30,632 | ERROR | email_queue_handler.processor | email failed serial=7
Traceback (most recent call last):
  File "/home/jlant/4-projects/email-queue-handler/src/email_queue_handler/processor.py", line 49, in handle_email
    mailer.send_one(email)
  File "/home/jlant/4-projects/email-queue-handler/tests/conftest.py", line 66, in send_one
    raise ValueError(msg)
ValueError: simulated send failure for bad@example.com
2026-06-16 16:01:30,632 | ERROR | email_queue_handler.processor | email failed serial=9
Traceback (most recent call last):
  File "/home/jlant/4-projects/email-queue-handler/src/email_queue_handler/processor.py", line 48, in handle_email
    validate_email(email)
  File "/home/jlant/4-projects/email-queue-handler/src/email_queue_handler/processor.py", line 22, in validate_email
    raise ValueError(msg)
ValueError: recipient is empty
2026-06-16 16:01:30,633 | ERROR | email_queue_handler.processor | email failed serial=5
Traceback (most recent call last):
  File "/home/jlant/4-projects/email-queue-handler/src/email_queue_handler/processor.py", line 52, in handle_email
    marker.mark_sent(email.serial_number)
  File "/home/jlant/4-projects/email-queue-handler/tests/conftest.py", line 94, in mark_sent
    raise RuntimeError(msg)
RuntimeError: simulated mark failure for 5
2026-06-16 16:01:30,634 | INFO | email_queue_handler.service | starting service app=email-queue-handler env=DEV
2026-06-16 16:01:30,635 | INFO | email_queue_handler.service | running service app=email-queue-handler env=DEV
2026-06-16 16:01:30,635 | INFO | email_queue_handler.processor | email processed serial=1
2026-06-16 16:01:30,635 | INFO | email_queue_handler.processor | email processed serial=2
2026-06-16 16:01:30,635 | INFO | email_queue_handler.processor | email processed serial=3
2026-06-16 16:01:30,635 | INFO | email_queue_handler.service | run complete fetched=3 sent=3 failed=0
2026-06-16 16:01:30,635 | INFO | email_queue_handler.service | starting service app=email-queue-handler env=DEV
2026-06-16 16:01:30,636 | INFO | email_queue_handler.service | running service app=email-queue-handler env=DEV
2026-06-16 16:01:30,636 | INFO | email_queue_handler.processor | email processed serial=1
2026-06-16 16:01:30,636 | ERROR | email_queue_handler.processor | email failed serial=2
Traceback (most recent call last):
  File "/home/jlant/4-projects/email-queue-handler/src/email_queue_handler/processor.py", line 49, in handle_email
    mailer.send_one(email)
  File "/home/jlant/4-projects/email-queue-handler/tests/conftest.py", line 66, in send_one
    raise ValueError(msg)
ValueError: simulated send failure for bad@x.com
2026-06-16 16:01:30,636 | INFO | email_queue_handler.processor | email processed serial=3
2026-06-16 16:01:30,636 | INFO | email_queue_handler.service | run complete fetched=3 sent=2 failed=1
2026-06-16 16:01:30,637 | INFO | email_queue_handler.service | starting service app=email-queue-handler env=DEV
2026-06-16 16:01:30,637 | INFO | email_queue_handler.service | running service app=email-queue-handler env=DEV
2026-06-16 16:01:30,637 | INFO | email_queue_handler.service | no pending emails
2026-06-16 16:01:30,637 | INFO | email_queue_handler.service | starting service app=email-queue-handler env=DEV
2026-06-16 16:01:30,637 | INFO | email_queue_handler.service | running service app=email-queue-handler env=DEV
2026-06-16 16:01:30,638 | INFO | email_queue_handler.service | starting service app=email-queue-handler env=DEV
2026-06-16 16:01:30,638 | INFO | email_queue_handler.service | running service app=email-queue-handler env=DEV
2026-06-16 16:01:32,007 | INFO | email_queue_handler.logging | logging configured log_level=INFO log_file=logs/email_queue_handler.log
2026-06-16 16:01:32,007 | INFO | email_queue_handler.service | starting service app=run-test env=TEST
2026-06-16 16:01:32,008 | INFO | email_queue_handler.service | running service app=run-test env=TEST
2026-06-16 16:01:32,008 | INFO | email_queue_handler.service | no pending emails
2026-06-16 16:01:32,008 | INFO | email_queue_handler.service | stopping service app=run-test env=TEST
2026-06-16 16:01:32,009 | INFO | email_queue_handler.email_repository | fetching pending emails from OracleInterface.tblEmailMessage
2026-06-16 16:01:32,009 | INFO | email_queue_handler.email_repository | fetched 2 pending email(s)
2026-06-16 16:01:32,010 | INFO | email_queue_handler.email_repository | fetching pending emails from OracleInterface.tblEmailMessage
2026-06-16 16:01:32,010 | INFO | email_queue_handler.email_repository | fetched 0 pending email(s)
2026-06-16 16:01:32,010 | INFO | email_queue_handler.email_repository | fetching pending emails from OracleInterface.tblEmailMessage
2026-06-16 16:01:32,010 | INFO | email_queue_handler.email_repository | fetched 1 pending email(s)
2026-06-16 16:01:32,011 | INFO | email_queue_handler.email_repository | marked email sent serial=16336
2026-06-16 16:01:32,012 | INFO | email_queue_handler.email_repository | marked email sent serial=1
2026-06-16 16:01:32,020 | INFO | email_queue_handler.processor | email processed serial=42
2026-06-16 16:01:32,020 | ERROR | email_queue_handler.processor | email failed serial=7
Traceback (most recent call last):
  File "/home/jlant/4-projects/email-queue-handler/src/email_queue_handler/processor.py", line 49, in handle_email
    mailer.send_one(email)
  File "/home/jlant/4-projects/email-queue-handler/tests/conftest.py", line 66, in send_one
    raise ValueError(msg)
ValueError: simulated send failure for bad@example.com
2026-06-16 16:01:32,022 | ERROR | email_queue_handler.processor | email failed serial=7
Traceback (most recent call last):
  File "/home/jlant/4-projects/email-queue-handler/src/email_queue_handler/processor.py", line 49, in handle_email
    mailer.send_one(email)
  File "/home/jlant/4-projects/email-queue-handler/tests/conftest.py", line 66, in send_one
    raise ValueError(msg)
ValueError: simulated send failure for bad@example.com
2026-06-16 16:01:32,022 | ERROR | email_queue_handler.processor | email failed serial=9
Traceback (most recent call last):
  File "/home/jlant/4-projects/email-queue-handler/src/email_queue_handler/processor.py", line 48, in handle_email
    validate_email(email)
  File "/home/jlant/4-projects/email-queue-handler/src/email_queue_handler/processor.py", line 22, in validate_email
    raise ValueError(msg)
ValueError: recipient is empty
2026-06-16 16:01:32,023 | ERROR | email_queue_handler.processor | email failed serial=5
Traceback (most recent call last):
  File "/home/jlant/4-projects/email-queue-handler/src/email_queue_handler/processor.py", line 52, in handle_email
    marker.mark_sent(email.serial_number)
  File "/home/jlant/4-projects/email-queue-handler/tests/conftest.py", line 94, in mark_sent
    raise RuntimeError(msg)
RuntimeError: simulated mark failure for 5
2026-06-16 16:01:32,024 | INFO | email_queue_handler.service | starting service app=email-queue-handler env=DEV
2026-06-16 16:01:32,025 | INFO | email_queue_handler.service | running service app=email-queue-handler env=DEV
2026-06-16 16:01:32,025 | INFO | email_queue_handler.processor | email processed serial=1
2026-06-16 16:01:32,025 | INFO | email_queue_handler.processor | email processed serial=2
2026-06-16 16:01:32,025 | INFO | email_queue_handler.processor | email processed serial=3
2026-06-16 16:01:32,025 | INFO | email_queue_handler.service | run complete fetched=3 sent=3 failed=0
2026-06-16 16:01:32,026 | INFO | email_queue_handler.service | starting service app=email-queue-handler env=DEV
2026-06-16 16:01:32,026 | INFO | email_queue_handler.service | running service app=email-queue-handler env=DEV
2026-06-16 16:01:32,026 | INFO | email_queue_handler.processor | email processed serial=1
2026-06-16 16:01:32,026 | ERROR | email_queue_handler.processor | email failed serial=2
Traceback (most recent call last):
  File "/home/jlant/4-projects/email-queue-handler/src/email_queue_handler/processor.py", line 49, in handle_email
    mailer.send_one(email)
  File "/home/jlant/4-projects/email-queue-handler/tests/conftest.py", line 66, in send_one
    raise ValueError(msg)
ValueError: simulated send failure for bad@x.com
2026-06-16 16:01:32,026 | INFO | email_queue_handler.processor | email processed serial=3
2026-06-16 16:01:32,026 | INFO | email_queue_handler.service | run complete fetched=3 sent=2 failed=1
2026-06-16 16:01:32,027 | INFO | email_queue_handler.service | starting service app=email-queue-handler env=DEV
2026-06-16 16:01:32,027 | INFO | email_queue_handler.service | running service app=email-queue-handler env=DEV
2026-06-16 16:01:32,027 | INFO | email_queue_handler.service | no pending emails
2026-06-16 16:01:32,028 | INFO | email_queue_handler.service | starting service app=email-queue-handler env=DEV
2026-06-16 16:01:32,028 | INFO | email_queue_handler.service | running service app=email-queue-handler env=DEV
2026-06-16 16:01:32,029 | INFO | email_queue_handler.service | starting service app=email-queue-handler env=DEV
2026-06-16 16:01:32,029 | INFO | email_queue_handler.service | running service app=email-queue-handler env=DEV
2026-06-16 16:06:54,272 | INFO | email_queue_handler.logging | logging configured log_level=INFO log_file=logs/email_queue_handler.log
2026-06-16 16:06:54,274 | INFO | email_queue_handler.service | starting service app=run-test env=TEST
2026-06-16 16:06:54,274 | INFO | email_queue_handler.service | running service app=run-test env=TEST
2026-06-16 16:06:54,274 | INFO | email_queue_handler.service | no pending emails
2026-06-16 16:06:54,274 | INFO | email_queue_handler.service | stopping service app=run-test env=TEST
2026-06-16 16:06:54,277 | INFO | email_queue_handler.email_repository | fetching pending emails from OracleInterface.tblEmailMessage
2026-06-16 16:06:54,277 | INFO | email_queue_handler.email_repository | fetched 2 pending email(s)
2026-06-16 16:06:54,278 | INFO | email_queue_handler.email_repository | fetching pending emails from OracleInterface.tblEmailMessage
2026-06-16 16:06:54,278 | INFO | email_queue_handler.email_repository | fetched 0 pending email(s)
2026-06-16 16:06:54,278 | INFO | email_queue_handler.email_repository | fetching pending emails from OracleInterface.tblEmailMessage
2026-06-16 16:06:54,279 | INFO | email_queue_handler.email_repository | fetched 1 pending email(s)
2026-06-16 16:06:54,279 | INFO | email_queue_handler.email_repository | marked email sent serial=16336
2026-06-16 16:06:54,280 | INFO | email_queue_handler.email_repository | marked email sent serial=1
2026-06-16 16:06:54,294 | INFO | email_queue_handler.processor | email processed serial=42
2026-06-16 16:06:54,295 | ERROR | email_queue_handler.processor | email failed serial=7
Traceback (most recent call last):
  File "/home/jlant/4-projects/email-queue-handler/src/email_queue_handler/processor.py", line 49, in handle_email
    mailer.send_one(email)
  File "/home/jlant/4-projects/email-queue-handler/tests/conftest.py", line 66, in send_one
    raise ValueError(msg)
ValueError: simulated send failure for bad@example.com
2026-06-16 16:06:54,296 | ERROR | email_queue_handler.processor | email failed serial=7
Traceback (most recent call last):
  File "/home/jlant/4-projects/email-queue-handler/src/email_queue_handler/processor.py", line 49, in handle_email
    mailer.send_one(email)
  File "/home/jlant/4-projects/email-queue-handler/tests/conftest.py", line 66, in send_one
    raise ValueError(msg)
ValueError: simulated send failure for bad@example.com
2026-06-16 16:06:54,296 | ERROR | email_queue_handler.processor | email failed serial=9
Traceback (most recent call last):
  File "/home/jlant/4-projects/email-queue-handler/src/email_queue_handler/processor.py", line 48, in handle_email
    validate_email(email)
  File "/home/jlant/4-projects/email-queue-handler/src/email_queue_handler/processor.py", line 22, in validate_email
    raise ValueError(msg)
ValueError: recipient is empty
2026-06-16 16:06:54,297 | ERROR | email_queue_handler.processor | email failed serial=5
Traceback (most recent call last):
  File "/home/jlant/4-projects/email-queue-handler/src/email_queue_handler/processor.py", line 52, in handle_email
    marker.mark_sent(email.serial_number)
  File "/home/jlant/4-projects/email-queue-handler/tests/conftest.py", line 94, in mark_sent
    raise RuntimeError(msg)
RuntimeError: simulated mark failure for 5
2026-06-16 16:06:54,298 | INFO | email_queue_handler.service | starting service app=email-queue-handler env=DEV
2026-06-16 16:06:54,298 | INFO | email_queue_handler.service | running service app=email-queue-handler env=DEV
2026-06-16 16:06:54,298 | INFO | email_queue_handler.processor | email processed serial=1
2026-06-16 16:06:54,298 | INFO | email_queue_handler.processor | email processed serial=2
2026-06-16 16:06:54,298 | INFO | email_queue_handler.processor | email processed serial=3
2026-06-16 16:06:54,298 | INFO | email_queue_handler.service | run complete fetched=3 sent=3 failed=0
2026-06-16 16:06:54,299 | INFO | email_queue_handler.service | starting service app=email-queue-handler env=DEV
2026-06-16 16:06:54,299 | INFO | email_queue_handler.service | running service app=email-queue-handler env=DEV
2026-06-16 16:06:54,299 | INFO | email_queue_handler.processor | email processed serial=1
2026-06-16 16:06:54,299 | ERROR | email_queue_handler.processor | email failed serial=2
Traceback (most recent call last):
  File "/home/jlant/4-projects/email-queue-handler/src/email_queue_handler/processor.py", line 49, in handle_email
    mailer.send_one(email)
  File "/home/jlant/4-projects/email-queue-handler/tests/conftest.py", line 66, in send_one
    raise ValueError(msg)
ValueError: simulated send failure for bad@x.com
2026-06-16 16:06:54,299 | INFO | email_queue_handler.processor | email processed serial=3
2026-06-16 16:06:54,299 | INFO | email_queue_handler.service | run complete fetched=3 sent=2 failed=1
2026-06-16 16:06:54,300 | INFO | email_queue_handler.service | starting service app=email-queue-handler env=DEV
2026-06-16 16:06:54,300 | INFO | email_queue_handler.service | running service app=email-queue-handler env=DEV
2026-06-16 16:06:54,300 | INFO | email_queue_handler.service | no pending emails
2026-06-16 16:06:54,301 | INFO | email_queue_handler.service | starting service app=email-queue-handler env=DEV
2026-06-16 16:06:54,301 | INFO | email_queue_handler.service | running service app=email-queue-handler env=DEV
2026-06-16 16:06:54,301 | INFO | email_queue_handler.service | starting service app=email-queue-handler env=DEV
2026-06-16 16:06:54,301 | INFO | email_queue_handler.service | running service app=email-queue-handler env=DEV
2026-06-16 16:06:55,585 | INFO | email_queue_handler.logging | logging configured log_level=INFO log_file=logs/email_queue_handler.log
2026-06-16 16:06:55,585 | INFO | email_queue_handler.service | starting service app=run-test env=TEST
2026-06-16 16:06:55,585 | INFO | email_queue_handler.service | running service app=run-test env=TEST
2026-06-16 16:06:55,585 | INFO | email_queue_handler.service | no pending emails
2026-06-16 16:06:55,585 | INFO | email_queue_handler.service | stopping service app=run-test env=TEST
2026-06-16 16:06:55,588 | INFO | email_queue_handler.email_repository | fetching pending emails from OracleInterface.tblEmailMessage
2026-06-16 16:06:55,588 | INFO | email_queue_handler.email_repository | fetched 2 pending email(s)
2026-06-16 16:06:55,589 | INFO | email_queue_handler.email_repository | fetching pending emails from OracleInterface.tblEmailMessage
2026-06-16 16:06:55,589 | INFO | email_queue_handler.email_repository | fetched 0 pending email(s)
2026-06-16 16:06:55,589 | INFO | email_queue_handler.email_repository | fetching pending emails from OracleInterface.tblEmailMessage
2026-06-16 16:06:55,589 | INFO | email_queue_handler.email_repository | fetched 1 pending email(s)
2026-06-16 16:06:55,590 | INFO | email_queue_handler.email_repository | marked email sent serial=16336
2026-06-16 16:06:55,591 | INFO | email_queue_handler.email_repository | marked email sent serial=1
2026-06-16 16:06:55,607 | INFO | email_queue_handler.processor | email processed serial=42
2026-06-16 16:06:55,608 | ERROR | email_queue_handler.processor | email failed serial=7
Traceback (most recent call last):
  File "/home/jlant/4-projects/email-queue-handler/src/email_queue_handler/processor.py", line 49, in handle_email
    mailer.send_one(email)
  File "/home/jlant/4-projects/email-queue-handler/tests/conftest.py", line 66, in send_one
    raise ValueError(msg)
ValueError: simulated send failure for bad@example.com
2026-06-16 16:06:55,610 | ERROR | email_queue_handler.processor | email failed serial=7
Traceback (most recent call last):
  File "/home/jlant/4-projects/email-queue-handler/src/email_queue_handler/processor.py", line 49, in handle_email
    mailer.send_one(email)
  File "/home/jlant/4-projects/email-queue-handler/tests/conftest.py", line 66, in send_one
    raise ValueError(msg)
ValueError: simulated send failure for bad@example.com
2026-06-16 16:06:55,611 | ERROR | email_queue_handler.processor | email failed serial=9
Traceback (most recent call last):
  File "/home/jlant/4-projects/email-queue-handler/src/email_queue_handler/processor.py", line 48, in handle_email
    validate_email(email)
  File "/home/jlant/4-projects/email-queue-handler/src/email_queue_handler/processor.py", line 22, in validate_email
    raise ValueError(msg)
ValueError: recipient is empty
2026-06-16 16:06:55,612 | ERROR | email_queue_handler.processor | email failed serial=5
Traceback (most recent call last):
  File "/home/jlant/4-projects/email-queue-handler/src/email_queue_handler/processor.py", line 52, in handle_email
    marker.mark_sent(email.serial_number)
  File "/home/jlant/4-projects/email-queue-handler/tests/conftest.py", line 94, in mark_sent
    raise RuntimeError(msg)
RuntimeError: simulated mark failure for 5
2026-06-16 16:06:55,612 | INFO | email_queue_handler.service | starting service app=email-queue-handler env=DEV
2026-06-16 16:06:55,613 | INFO | email_queue_handler.service | running service app=email-queue-handler env=DEV
2026-06-16 16:06:55,613 | INFO | email_queue_handler.processor | email processed serial=1
2026-06-16 16:06:55,613 | INFO | email_queue_handler.processor | email processed serial=2
2026-06-16 16:06:55,613 | INFO | email_queue_handler.processor | email processed serial=3
2026-06-16 16:06:55,613 | INFO | email_queue_handler.service | run complete fetched=3 sent=3 failed=0
2026-06-16 16:06:55,614 | INFO | email_queue_handler.service | starting service app=email-queue-handler env=DEV
2026-06-16 16:06:55,614 | INFO | email_queue_handler.service | running service app=email-queue-handler env=DEV
2026-06-16 16:06:55,614 | INFO | email_queue_handler.processor | email processed serial=1
2026-06-16 16:06:55,614 | ERROR | email_queue_handler.processor | email failed serial=2
Traceback (most recent call last):
  File "/home/jlant/4-projects/email-queue-handler/src/email_queue_handler/processor.py", line 49, in handle_email
    mailer.send_one(email)
  File "/home/jlant/4-projects/email-queue-handler/tests/conftest.py", line 66, in send_one
    raise ValueError(msg)
ValueError: simulated send failure for bad@x.com
2026-06-16 16:06:55,614 | INFO | email_queue_handler.processor | email processed serial=3
2026-06-16 16:06:55,614 | INFO | email_queue_handler.service | run complete fetched=3 sent=2 failed=1
2026-06-16 16:06:55,615 | INFO | email_queue_handler.service | starting service app=email-queue-handler env=DEV
2026-06-16 16:06:55,615 | INFO | email_queue_handler.service | running service app=email-queue-handler env=DEV
2026-06-16 16:06:55,615 | INFO | email_queue_handler.service | no pending emails
2026-06-16 16:06:55,616 | INFO | email_queue_handler.service | starting service app=email-queue-handler env=DEV
2026-06-16 16:06:55,616 | INFO | email_queue_handler.service | running service app=email-queue-handler env=DEV
2026-06-16 16:06:55,616 | INFO | email_queue_handler.service | starting service app=email-queue-handler env=DEV
2026-06-16 16:06:55,616 | INFO | email_queue_handler.service | running service app=email-queue-handler env=DEV
2026-06-16 16:18:07,832 | INFO | email_queue_handler.logging | logging configured log_level=INFO log_file=logs/email_queue_handler.log
2026-06-16 16:18:07,834 | INFO | email_queue_handler.service | starting service app=run-test env=TEST
2026-06-16 16:18:07,834 | INFO | email_queue_handler.service | running service app=run-test env=TEST
2026-06-16 16:18:07,834 | INFO | email_queue_handler.service | no pending emails
2026-06-16 16:18:07,834 | INFO | email_queue_handler.service | stopping service app=run-test env=TEST
2026-06-16 16:18:07,836 | INFO | email_queue_handler.email_repository | fetching pending emails from OracleInterface.tblEmailMessage
2026-06-16 16:18:07,836 | INFO | email_queue_handler.email_repository | fetched 2 pending email(s)
2026-06-16 16:18:07,837 | INFO | email_queue_handler.email_repository | fetching pending emails from OracleInterface.tblEmailMessage
2026-06-16 16:18:07,837 | INFO | email_queue_handler.email_repository | fetched 0 pending email(s)
2026-06-16 16:18:07,838 | INFO | email_queue_handler.email_repository | fetching pending emails from OracleInterface.tblEmailMessage
2026-06-16 16:18:07,838 | INFO | email_queue_handler.email_repository | fetched 1 pending email(s)
2026-06-16 16:18:07,839 | INFO | email_queue_handler.email_repository | marked email sent serial=16336
2026-06-16 16:18:07,839 | INFO | email_queue_handler.email_repository | marked email sent serial=1
2026-06-16 16:18:07,854 | INFO | email_queue_handler.processor | email processed serial=42
2026-06-16 16:18:07,855 | ERROR | email_queue_handler.processor | email failed serial=7
Traceback (most recent call last):
  File "/home/jlant/4-projects/email-queue-handler/src/email_queue_handler/processor.py", line 49, in handle_email
    mailer.send_one(email)
  File "/home/jlant/4-projects/email-queue-handler/tests/conftest.py", line 66, in send_one
    raise ValueError(msg)
ValueError: simulated send failure for bad@example.com
2026-06-16 16:18:07,856 | ERROR | email_queue_handler.processor | email failed serial=7
Traceback (most recent call last):
  File "/home/jlant/4-projects/email-queue-handler/src/email_queue_handler/processor.py", line 49, in handle_email
    mailer.send_one(email)
  File "/home/jlant/4-projects/email-queue-handler/tests/conftest.py", line 66, in send_one
    raise ValueError(msg)
ValueError: simulated send failure for bad@example.com
2026-06-16 16:18:07,857 | ERROR | email_queue_handler.processor | email failed serial=9
Traceback (most recent call last):
  File "/home/jlant/4-projects/email-queue-handler/src/email_queue_handler/processor.py", line 48, in handle_email
    validate_email(email)
  File "/home/jlant/4-projects/email-queue-handler/src/email_queue_handler/processor.py", line 22, in validate_email
    raise ValueError(msg)
ValueError: recipient is empty
2026-06-16 16:18:07,858 | ERROR | email_queue_handler.processor | email failed serial=5
Traceback (most recent call last):
  File "/home/jlant/4-projects/email-queue-handler/src/email_queue_handler/processor.py", line 52, in handle_email
    marker.mark_sent(email.serial_number)
  File "/home/jlant/4-projects/email-queue-handler/tests/conftest.py", line 94, in mark_sent
    raise RuntimeError(msg)
RuntimeError: simulated mark failure for 5
2026-06-16 16:18:07,859 | INFO | email_queue_handler.service | starting service app=email-queue-handler env=DEV
2026-06-16 16:18:07,859 | INFO | email_queue_handler.service | running service app=email-queue-handler env=DEV
2026-06-16 16:18:07,859 | INFO | email_queue_handler.processor | email processed serial=1
2026-06-16 16:18:07,860 | INFO | email_queue_handler.processor | email processed serial=2
2026-06-16 16:18:07,860 | INFO | email_queue_handler.processor | email processed serial=3
2026-06-16 16:18:07,860 | INFO | email_queue_handler.service | run complete fetched=3 sent=3 failed=0
2026-06-16 16:18:07,860 | INFO | email_queue_handler.service | starting service app=email-queue-handler env=DEV
2026-06-16 16:18:07,860 | INFO | email_queue_handler.service | running service app=email-queue-handler env=DEV
2026-06-16 16:18:07,860 | INFO | email_queue_handler.processor | email processed serial=1
2026-06-16 16:18:07,861 | ERROR | email_queue_handler.processor | email failed serial=2
Traceback (most recent call last):
  File "/home/jlant/4-projects/email-queue-handler/src/email_queue_handler/processor.py", line 49, in handle_email
    mailer.send_one(email)
  File "/home/jlant/4-projects/email-queue-handler/tests/conftest.py", line 66, in send_one
    raise ValueError(msg)
ValueError: simulated send failure for bad@x.com
2026-06-16 16:18:07,861 | INFO | email_queue_handler.processor | email processed serial=3
2026-06-16 16:18:07,861 | INFO | email_queue_handler.service | run complete fetched=3 sent=2 failed=1
2026-06-16 16:18:07,861 | INFO | email_queue_handler.service | starting service app=email-queue-handler env=DEV
2026-06-16 16:18:07,861 | INFO | email_queue_handler.service | running service app=email-queue-handler env=DEV
2026-06-16 16:18:07,862 | INFO | email_queue_handler.service | no pending emails
2026-06-16 16:18:07,862 | INFO | email_queue_handler.service | starting service app=email-queue-handler env=DEV
2026-06-16 16:18:07,863 | INFO | email_queue_handler.service | running service app=email-queue-handler env=DEV
2026-06-16 16:18:07,863 | INFO | email_queue_handler.service | starting service app=email-queue-handler env=DEV
2026-06-16 16:18:07,863 | INFO | email_queue_handler.service | running service app=email-queue-handler env=DEV
2026-06-16 16:18:09,224 | INFO | email_queue_handler.logging | logging configured log_level=INFO log_file=logs/email_queue_handler.log
2026-06-16 16:18:09,225 | INFO | email_queue_handler.service | starting service app=run-test env=TEST
2026-06-16 16:18:09,225 | INFO | email_queue_handler.service | running service app=run-test env=TEST
2026-06-16 16:18:09,225 | INFO | email_queue_handler.service | no pending emails
2026-06-16 16:18:09,225 | INFO | email_queue_handler.service | stopping service app=run-test env=TEST
2026-06-16 16:18:09,228 | INFO | email_queue_handler.email_repository | fetching pending emails from OracleInterface.tblEmailMessage
2026-06-16 16:18:09,228 | INFO | email_queue_handler.email_repository | fetched 2 pending email(s)
2026-06-16 16:18:09,229 | INFO | email_queue_handler.email_repository | fetching pending emails from OracleInterface.tblEmailMessage
2026-06-16 16:18:09,229 | INFO | email_queue_handler.email_repository | fetched 0 pending email(s)
2026-06-16 16:18:09,230 | INFO | email_queue_handler.email_repository | fetching pending emails from OracleInterface.tblEmailMessage
2026-06-16 16:18:09,230 | INFO | email_queue_handler.email_repository | fetched 1 pending email(s)
2026-06-16 16:18:09,231 | INFO | email_queue_handler.email_repository | marked email sent serial=16336
2026-06-16 16:18:09,231 | INFO | email_queue_handler.email_repository | marked email sent serial=1
2026-06-16 16:18:09,249 | INFO | email_queue_handler.processor | email processed serial=42
2026-06-16 16:18:09,250 | ERROR | email_queue_handler.processor | email failed serial=7
Traceback (most recent call last):
  File "/home/jlant/4-projects/email-queue-handler/src/email_queue_handler/processor.py", line 49, in handle_email
    mailer.send_one(email)
  File "/home/jlant/4-projects/email-queue-handler/tests/conftest.py", line 66, in send_one
    raise ValueError(msg)
ValueError: simulated send failure for bad@example.com
2026-06-16 16:18:09,251 | ERROR | email_queue_handler.processor | email failed serial=7
Traceback (most recent call last):
  File "/home/jlant/4-projects/email-queue-handler/src/email_queue_handler/processor.py", line 49, in handle_email
    mailer.send_one(email)
  File "/home/jlant/4-projects/email-queue-handler/tests/conftest.py", line 66, in send_one
    raise ValueError(msg)
ValueError: simulated send failure for bad@example.com
2026-06-16 16:18:09,252 | ERROR | email_queue_handler.processor | email failed serial=9
Traceback (most recent call last):
  File "/home/jlant/4-projects/email-queue-handler/src/email_queue_handler/processor.py", line 48, in handle_email
    validate_email(email)
  File "/home/jlant/4-projects/email-queue-handler/src/email_queue_handler/processor.py", line 22, in validate_email
    raise ValueError(msg)
ValueError: recipient is empty
2026-06-16 16:18:09,253 | ERROR | email_queue_handler.processor | email failed serial=5
Traceback (most recent call last):
  File "/home/jlant/4-projects/email-queue-handler/src/email_queue_handler/processor.py", line 52, in handle_email
    marker.mark_sent(email.serial_number)
  File "/home/jlant/4-projects/email-queue-handler/tests/conftest.py", line 94, in mark_sent
    raise RuntimeError(msg)
RuntimeError: simulated mark failure for 5
2026-06-16 16:18:09,254 | INFO | email_queue_handler.service | starting service app=email-queue-handler env=DEV
2026-06-16 16:18:09,254 | INFO | email_queue_handler.service | running service app=email-queue-handler env=DEV
2026-06-16 16:18:09,254 | INFO | email_queue_handler.processor | email processed serial=1
2026-06-16 16:18:09,254 | INFO | email_queue_handler.processor | email processed serial=2
2026-06-16 16:18:09,254 | INFO | email_queue_handler.processor | email processed serial=3
2026-06-16 16:18:09,254 | INFO | email_queue_handler.service | run complete fetched=3 sent=3 failed=0
2026-06-16 16:18:09,255 | INFO | email_queue_handler.service | starting service app=email-queue-handler env=DEV
2026-06-16 16:18:09,255 | INFO | email_queue_handler.service | running service app=email-queue-handler env=DEV
2026-06-16 16:18:09,255 | INFO | email_queue_handler.processor | email processed serial=1
2026-06-16 16:18:09,255 | ERROR | email_queue_handler.processor | email failed serial=2
Traceback (most recent call last):
  File "/home/jlant/4-projects/email-queue-handler/src/email_queue_handler/processor.py", line 49, in handle_email
    mailer.send_one(email)
  File "/home/jlant/4-projects/email-queue-handler/tests/conftest.py", line 66, in send_one
    raise ValueError(msg)
ValueError: simulated send failure for bad@x.com
2026-06-16 16:18:09,255 | INFO | email_queue_handler.processor | email processed serial=3
2026-06-16 16:18:09,255 | INFO | email_queue_handler.service | run complete fetched=3 sent=2 failed=1
2026-06-16 16:18:09,256 | INFO | email_queue_handler.service | starting service app=email-queue-handler env=DEV
2026-06-16 16:18:09,256 | INFO | email_queue_handler.service | running service app=email-queue-handler env=DEV
2026-06-16 16:18:09,256 | INFO | email_queue_handler.service | no pending emails
2026-06-16 16:18:09,257 | INFO | email_queue_handler.service | starting service app=email-queue-handler env=DEV
2026-06-16 16:18:09,257 | INFO | email_queue_handler.service | running service app=email-queue-handler env=DEV
2026-06-16 16:18:09,258 | INFO | email_queue_handler.service | starting service app=email-queue-handler env=DEV
2026-06-16 16:18:09,258 | INFO | email_queue_handler.service | running service app=email-queue-handler env=DEV
2026-06-16 16:19:10,899 | INFO | email_queue_handler.logging | logging configured log_level=INFO log_file=logs/email_queue_handler.log
2026-06-16 16:19:10,900 | INFO | email_queue_handler.service | starting service app=run-test env=TEST
2026-06-16 16:19:10,900 | INFO | email_queue_handler.service | running service app=run-test env=TEST
2026-06-16 16:19:10,900 | INFO | email_queue_handler.service | no pending emails
2026-06-16 16:19:10,900 | INFO | email_queue_handler.service | stopping service app=run-test env=TEST
2026-06-16 16:19:10,903 | INFO | email_queue_handler.email_repository | fetching pending emails from OracleInterface.tblEmailMessage
2026-06-16 16:19:10,903 | INFO | email_queue_handler.email_repository | fetched 2 pending email(s)
2026-06-16 16:19:10,904 | INFO | email_queue_handler.email_repository | fetching pending emails from OracleInterface.tblEmailMessage
2026-06-16 16:19:10,904 | INFO | email_queue_handler.email_repository | fetched 0 pending email(s)
2026-06-16 16:19:10,904 | INFO | email_queue_handler.email_repository | fetching pending emails from OracleInterface.tblEmailMessage
2026-06-16 16:19:10,904 | INFO | email_queue_handler.email_repository | fetched 1 pending email(s)
2026-06-16 16:19:10,905 | INFO | email_queue_handler.email_repository | marked email sent serial=16336
2026-06-16 16:19:10,906 | INFO | email_queue_handler.email_repository | marked email sent serial=1
2026-06-16 16:19:10,916 | INFO | email_queue_handler.processor | email processed serial=42
2026-06-16 16:19:10,917 | ERROR | email_queue_handler.processor | email failed serial=7
Traceback (most recent call last):
  File "/home/jlant/4-projects/email-queue-handler/src/email_queue_handler/processor.py", line 49, in handle_email
    mailer.send_one(email)
  File "/home/jlant/4-projects/email-queue-handler/tests/conftest.py", line 66, in send_one
    raise ValueError(msg)
ValueError: simulated send failure for bad@example.com
2026-06-16 16:19:10,919 | ERROR | email_queue_handler.processor | email failed serial=7
Traceback (most recent call last):
  File "/home/jlant/4-projects/email-queue-handler/src/email_queue_handler/processor.py", line 49, in handle_email
    mailer.send_one(email)
  File "/home/jlant/4-projects/email-queue-handler/tests/conftest.py", line 66, in send_one
    raise ValueError(msg)
ValueError: simulated send failure for bad@example.com
2026-06-16 16:19:10,919 | ERROR | email_queue_handler.processor | email failed serial=9
Traceback (most recent call last):
  File "/home/jlant/4-projects/email-queue-handler/src/email_queue_handler/processor.py", line 48, in handle_email
    validate_email(email)
  File "/home/jlant/4-projects/email-queue-handler/src/email_queue_handler/processor.py", line 22, in validate_email
    raise ValueError(msg)
ValueError: recipient is empty
2026-06-16 16:19:10,920 | ERROR | email_queue_handler.processor | email failed serial=5
Traceback (most recent call last):
  File "/home/jlant/4-projects/email-queue-handler/src/email_queue_handler/processor.py", line 52, in handle_email
    marker.mark_sent(email.serial_number)
  File "/home/jlant/4-projects/email-queue-handler/tests/conftest.py", line 94, in mark_sent
    raise RuntimeError(msg)
RuntimeError: simulated mark failure for 5
2026-06-16 16:19:10,921 | INFO | email_queue_handler.service | starting service app=email-queue-handler env=DEV
2026-06-16 16:19:10,921 | INFO | email_queue_handler.service | running service app=email-queue-handler env=DEV
2026-06-16 16:19:10,921 | INFO | email_queue_handler.processor | email processed serial=1
2026-06-16 16:19:10,921 | INFO | email_queue_handler.processor | email processed serial=2
2026-06-16 16:19:10,921 | INFO | email_queue_handler.processor | email processed serial=3
2026-06-16 16:19:10,921 | INFO | email_queue_handler.service | run complete fetched=3 sent=3 failed=0
2026-06-16 16:19:10,922 | INFO | email_queue_handler.service | starting service app=email-queue-handler env=DEV
2026-06-16 16:19:10,922 | INFO | email_queue_handler.service | running service app=email-queue-handler env=DEV
2026-06-16 16:19:10,922 | INFO | email_queue_handler.processor | email processed serial=1
2026-06-16 16:19:10,922 | ERROR | email_queue_handler.processor | email failed serial=2
Traceback (most recent call last):
  File "/home/jlant/4-projects/email-queue-handler/src/email_queue_handler/processor.py", line 49, in handle_email
    mailer.send_one(email)
  File "/home/jlant/4-projects/email-queue-handler/tests/conftest.py", line 66, in send_one
    raise ValueError(msg)
ValueError: simulated send failure for bad@x.com
2026-06-16 16:19:10,922 | INFO | email_queue_handler.processor | email processed serial=3
2026-06-16 16:19:10,922 | INFO | email_queue_handler.service | run complete fetched=3 sent=2 failed=1
2026-06-16 16:19:10,923 | INFO | email_queue_handler.service | starting service app=email-queue-handler env=DEV
2026-06-16 16:19:10,923 | INFO | email_queue_handler.service | running service app=email-queue-handler env=DEV
2026-06-16 16:19:10,923 | INFO | email_queue_handler.service | no pending emails
2026-06-16 16:19:10,924 | INFO | email_queue_handler.service | starting service app=email-queue-handler env=DEV
2026-06-16 16:19:10,924 | INFO | email_queue_handler.service | running service app=email-queue-handler env=DEV
2026-06-16 16:19:10,925 | INFO | email_queue_handler.service | starting service app=email-queue-handler env=DEV
2026-06-16 16:19:10,925 | INFO | email_queue_handler.service | running service app=email-queue-handler env=DEV
2026-06-16 16:19:11,964 | INFO | email_queue_handler.logging | logging configured log_level=INFO log_file=logs/email_queue_handler.log
2026-06-16 16:19:11,964 | INFO | email_queue_handler.service | starting service app=run-test env=TEST
2026-06-16 16:19:11,964 | INFO | email_queue_handler.service | running service app=run-test env=TEST
2026-06-16 16:19:11,964 | INFO | email_queue_handler.service | no pending emails
2026-06-16 16:19:11,964 | INFO | email_queue_handler.service | stopping service app=run-test env=TEST
2026-06-16 16:19:11,967 | INFO | email_queue_handler.email_repository | fetching pending emails from OracleInterface.tblEmailMessage
2026-06-16 16:19:11,967 | INFO | email_queue_handler.email_repository | fetched 2 pending email(s)
2026-06-16 16:19:11,968 | INFO | email_queue_handler.email_repository | fetching pending emails from OracleInterface.tblEmailMessage
2026-06-16 16:19:11,968 | INFO | email_queue_handler.email_repository | fetched 0 pending email(s)
2026-06-16 16:19:11,968 | INFO | email_queue_handler.email_repository | fetching pending emails from OracleInterface.tblEmailMessage
2026-06-16 16:19:11,968 | INFO | email_queue_handler.email_repository | fetched 1 pending email(s)
2026-06-16 16:19:11,969 | INFO | email_queue_handler.email_repository | marked email sent serial=16336
2026-06-16 16:19:11,970 | INFO | email_queue_handler.email_repository | marked email sent serial=1
2026-06-16 16:19:11,983 | INFO | email_queue_handler.processor | email processed serial=42
2026-06-16 16:19:11,983 | ERROR | email_queue_handler.processor | email failed serial=7
Traceback (most recent call last):
  File "/home/jlant/4-projects/email-queue-handler/src/email_queue_handler/processor.py", line 49, in handle_email
    mailer.send_one(email)
  File "/home/jlant/4-projects/email-queue-handler/tests/conftest.py", line 66, in send_one
    raise ValueError(msg)
ValueError: simulated send failure for bad@example.com
2026-06-16 16:19:11,985 | ERROR | email_queue_handler.processor | email failed serial=7
Traceback (most recent call last):
  File "/home/jlant/4-projects/email-queue-handler/src/email_queue_handler/processor.py", line 49, in handle_email
    mailer.send_one(email)
  File "/home/jlant/4-projects/email-queue-handler/tests/conftest.py", line 66, in send_one
    raise ValueError(msg)
ValueError: simulated send failure for bad@example.com
2026-06-16 16:19:11,985 | ERROR | email_queue_handler.processor | email failed serial=9
Traceback (most recent call last):
  File "/home/jlant/4-projects/email-queue-handler/src/email_queue_handler/processor.py", line 48, in handle_email
    validate_email(email)
  File "/home/jlant/4-projects/email-queue-handler/src/email_queue_handler/processor.py", line 22, in validate_email
    raise ValueError(msg)
ValueError: recipient is empty
2026-06-16 16:19:11,986 | ERROR | email_queue_handler.processor | email failed serial=5
Traceback (most recent call last):
  File "/home/jlant/4-projects/email-queue-handler/src/email_queue_handler/processor.py", line 52, in handle_email
    marker.mark_sent(email.serial_number)
  File "/home/jlant/4-projects/email-queue-handler/tests/conftest.py", line 94, in mark_sent
    raise RuntimeError(msg)
RuntimeError: simulated mark failure for 5
2026-06-16 16:19:11,987 | INFO | email_queue_handler.service | starting service app=email-queue-handler env=DEV
2026-06-16 16:19:11,987 | INFO | email_queue_handler.service | running service app=email-queue-handler env=DEV
2026-06-16 16:19:11,987 | INFO | email_queue_handler.processor | email processed serial=1
2026-06-16 16:19:11,987 | INFO | email_queue_handler.processor | email processed serial=2
2026-06-16 16:19:11,987 | INFO | email_queue_handler.processor | email processed serial=3
2026-06-16 16:19:11,987 | INFO | email_queue_handler.service | run complete fetched=3 sent=3 failed=0
2026-06-16 16:19:11,988 | INFO | email_queue_handler.service | starting service app=email-queue-handler env=DEV
2026-06-16 16:19:11,988 | INFO | email_queue_handler.service | running service app=email-queue-handler env=DEV
2026-06-16 16:19:11,988 | INFO | email_queue_handler.processor | email processed serial=1
2026-06-16 16:19:11,988 | ERROR | email_queue_handler.processor | email failed serial=2
Traceback (most recent call last):
  File "/home/jlant/4-projects/email-queue-handler/src/email_queue_handler/processor.py", line 49, in handle_email
    mailer.send_one(email)
  File "/home/jlant/4-projects/email-queue-handler/tests/conftest.py", line 66, in send_one
    raise ValueError(msg)
ValueError: simulated send failure for bad@x.com
2026-06-16 16:19:11,989 | INFO | email_queue_handler.processor | email processed serial=3
2026-06-16 16:19:11,989 | INFO | email_queue_handler.service | run complete fetched=3 sent=2 failed=1
2026-06-16 16:19:11,990 | INFO | email_queue_handler.service | starting service app=email-queue-handler env=DEV
2026-06-16 16:19:11,990 | INFO | email_queue_handler.service | running service app=email-queue-handler env=DEV
2026-06-16 16:19:11,990 | INFO | email_queue_handler.service | no pending emails
2026-06-16 16:19:11,991 | INFO | email_queue_handler.service | starting service app=email-queue-handler env=DEV
2026-06-16 16:19:11,991 | INFO | email_queue_handler.service | running service app=email-queue-handler env=DEV
2026-06-16 16:19:11,991 | INFO | email_queue_handler.service | starting service app=email-queue-handler env=DEV
2026-06-16 16:19:11,991 | INFO | email_queue_handler.service | running service app=email-queue-handler env=DEV
2026-06-17 12:21:04,279 | INFO | email_queue_handler.logging | logging configured log_level=INFO log_file=logs/email_queue_handler.log
2026-06-17 12:21:04,281 | INFO | email_queue_handler.service | starting service app=run-test env=TEST
2026-06-17 12:21:04,281 | INFO | email_queue_handler.service | running service app=run-test env=TEST
2026-06-17 12:21:04,281 | INFO | email_queue_handler.service | no pending emails
2026-06-17 12:21:04,282 | INFO | email_queue_handler.service | stopping service app=run-test env=TEST
2026-06-17 12:21:04,284 | INFO | email_queue_handler.email_repository | fetching pending emails from OracleInterface.tblEmailMessage
2026-06-17 12:21:04,284 | INFO | email_queue_handler.email_repository | fetched 2 pending email(s)
2026-06-17 12:21:04,285 | INFO | email_queue_handler.email_repository | fetching pending emails from OracleInterface.tblEmailMessage
2026-06-17 12:21:04,285 | INFO | email_queue_handler.email_repository | fetched 0 pending email(s)
2026-06-17 12:21:04,285 | INFO | email_queue_handler.email_repository | fetching pending emails from OracleInterface.tblEmailMessage
2026-06-17 12:21:04,285 | INFO | email_queue_handler.email_repository | fetched 1 pending email(s)
2026-06-17 12:21:04,286 | INFO | email_queue_handler.email_repository | marked email sent serial=16336
2026-06-17 12:21:04,287 | INFO | email_queue_handler.email_repository | marked email sent serial=1
2026-06-17 12:21:04,299 | INFO | email_queue_handler.processor | email processed serial=42
2026-06-17 12:21:04,300 | ERROR | email_queue_handler.processor | email failed serial=7
Traceback (most recent call last):
  File "/home/jlant/4-projects/email-queue-handler/src/email_queue_handler/processor.py", line 49, in handle_email
    mailer.send_one(email)
  File "/home/jlant/4-projects/email-queue-handler/tests/conftest.py", line 66, in send_one
    raise ValueError(msg)
ValueError: simulated send failure for bad@example.com
2026-06-17 12:21:04,301 | ERROR | email_queue_handler.processor | email failed serial=7
Traceback (most recent call last):
  File "/home/jlant/4-projects/email-queue-handler/src/email_queue_handler/processor.py", line 49, in handle_email
    mailer.send_one(email)
  File "/home/jlant/4-projects/email-queue-handler/tests/conftest.py", line 66, in send_one
    raise ValueError(msg)
ValueError: simulated send failure for bad@example.com
2026-06-17 12:21:04,302 | ERROR | email_queue_handler.processor | email failed serial=9
Traceback (most recent call last):
  File "/home/jlant/4-projects/email-queue-handler/src/email_queue_handler/processor.py", line 48, in handle_email
    validate_email(email)
  File "/home/jlant/4-projects/email-queue-handler/src/email_queue_handler/processor.py", line 22, in validate_email
    raise ValueError(msg)
ValueError: recipient is empty
2026-06-17 12:21:04,302 | ERROR | email_queue_handler.processor | email failed serial=5
Traceback (most recent call last):
  File "/home/jlant/4-projects/email-queue-handler/src/email_queue_handler/processor.py", line 52, in handle_email
    marker.mark_sent(email.serial_number)
  File "/home/jlant/4-projects/email-queue-handler/tests/conftest.py", line 94, in mark_sent
    raise RuntimeError(msg)
RuntimeError: simulated mark failure for 5
2026-06-17 12:21:04,303 | INFO | email_queue_handler.service | starting service app=email-queue-handler env=DEV
2026-06-17 12:21:04,303 | INFO | email_queue_handler.service | running service app=email-queue-handler env=DEV
2026-06-17 12:21:04,303 | INFO | email_queue_handler.processor | email processed serial=1
2026-06-17 12:21:04,303 | INFO | email_queue_handler.processor | email processed serial=2
2026-06-17 12:21:04,303 | INFO | email_queue_handler.processor | email processed serial=3
2026-06-17 12:21:04,304 | INFO | email_queue_handler.service | run complete fetched=3 sent=3 failed=0
2026-06-17 12:21:04,304 | INFO | email_queue_handler.service | starting service app=email-queue-handler env=DEV
2026-06-17 12:21:04,304 | INFO | email_queue_handler.service | running service app=email-queue-handler env=DEV
2026-06-17 12:21:04,304 | INFO | email_queue_handler.processor | email processed serial=1
2026-06-17 12:21:04,304 | ERROR | email_queue_handler.processor | email failed serial=2
Traceback (most recent call last):
  File "/home/jlant/4-projects/email-queue-handler/src/email_queue_handler/processor.py", line 49, in handle_email
    mailer.send_one(email)
  File "/home/jlant/4-projects/email-queue-handler/tests/conftest.py", line 66, in send_one
    raise ValueError(msg)
ValueError: simulated send failure for bad@x.com
2026-06-17 12:21:04,305 | INFO | email_queue_handler.processor | email processed serial=3
2026-06-17 12:21:04,305 | INFO | email_queue_handler.service | run complete fetched=3 sent=2 failed=1
2026-06-17 12:21:04,305 | INFO | email_queue_handler.service | starting service app=email-queue-handler env=DEV
2026-06-17 12:21:04,305 | INFO | email_queue_handler.service | running service app=email-queue-handler env=DEV
2026-06-17 12:21:04,305 | INFO | email_queue_handler.service | no pending emails
2026-06-17 12:21:04,306 | INFO | email_queue_handler.service | starting service app=email-queue-handler env=DEV
2026-06-17 12:21:04,306 | INFO | email_queue_handler.service | running service app=email-queue-handler env=DEV
2026-06-17 12:21:04,307 | INFO | email_queue_handler.service | starting service app=email-queue-handler env=DEV
2026-06-17 12:21:04,307 | INFO | email_queue_handler.service | running service app=email-queue-handler env=DEV
2026-06-17 12:21:05,639 | INFO | email_queue_handler.logging | logging configured log_level=INFO log_file=logs/email_queue_handler.log
2026-06-17 12:21:05,639 | INFO | email_queue_handler.service | starting service app=run-test env=TEST
2026-06-17 12:21:05,639 | INFO | email_queue_handler.service | running service app=run-test env=TEST
2026-06-17 12:21:05,639 | INFO | email_queue_handler.service | no pending emails
2026-06-17 12:21:05,639 | INFO | email_queue_handler.service | stopping service app=run-test env=TEST
2026-06-17 12:21:05,642 | INFO | email_queue_handler.email_repository | fetching pending emails from OracleInterface.tblEmailMessage
2026-06-17 12:21:05,642 | INFO | email_queue_handler.email_repository | fetched 2 pending email(s)
2026-06-17 12:21:05,642 | INFO | email_queue_handler.email_repository | fetching pending emails from OracleInterface.tblEmailMessage
2026-06-17 12:21:05,642 | INFO | email_queue_handler.email_repository | fetched 0 pending email(s)
2026-06-17 12:21:05,643 | INFO | email_queue_handler.email_repository | fetching pending emails from OracleInterface.tblEmailMessage
2026-06-17 12:21:05,643 | INFO | email_queue_handler.email_repository | fetched 1 pending email(s)
2026-06-17 12:21:05,644 | INFO | email_queue_handler.email_repository | marked email sent serial=16336
2026-06-17 12:21:05,645 | INFO | email_queue_handler.email_repository | marked email sent serial=1
2026-06-17 12:21:05,661 | INFO | email_queue_handler.processor | email processed serial=42
2026-06-17 12:21:05,662 | ERROR | email_queue_handler.processor | email failed serial=7
Traceback (most recent call last):
  File "/home/jlant/4-projects/email-queue-handler/src/email_queue_handler/processor.py", line 49, in handle_email
    mailer.send_one(email)
  File "/home/jlant/4-projects/email-queue-handler/tests/conftest.py", line 66, in send_one
    raise ValueError(msg)
ValueError: simulated send failure for bad@example.com
2026-06-17 12:21:05,663 | ERROR | email_queue_handler.processor | email failed serial=7
Traceback (most recent call last):
  File "/home/jlant/4-projects/email-queue-handler/src/email_queue_handler/processor.py", line 49, in handle_email
    mailer.send_one(email)
  File "/home/jlant/4-projects/email-queue-handler/tests/conftest.py", line 66, in send_one
    raise ValueError(msg)
ValueError: simulated send failure for bad@example.com
2026-06-17 12:21:05,664 | ERROR | email_queue_handler.processor | email failed serial=9
Traceback (most recent call last):
  File "/home/jlant/4-projects/email-queue-handler/src/email_queue_handler/processor.py", line 48, in handle_email
    validate_email(email)
  File "/home/jlant/4-projects/email-queue-handler/src/email_queue_handler/processor.py", line 22, in validate_email
    raise ValueError(msg)
ValueError: recipient is empty
2026-06-17 12:21:05,665 | ERROR | email_queue_handler.processor | email failed serial=5
Traceback (most recent call last):
  File "/home/jlant/4-projects/email-queue-handler/src/email_queue_handler/processor.py", line 52, in handle_email
    marker.mark_sent(email.serial_number)
  File "/home/jlant/4-projects/email-queue-handler/tests/conftest.py", line 94, in mark_sent
    raise RuntimeError(msg)
RuntimeError: simulated mark failure for 5
2026-06-17 12:21:05,666 | INFO | email_queue_handler.service | starting service app=email-queue-handler env=DEV
2026-06-17 12:21:05,666 | INFO | email_queue_handler.service | running service app=email-queue-handler env=DEV
2026-06-17 12:21:05,666 | INFO | email_queue_handler.processor | email processed serial=1
2026-06-17 12:21:05,666 | INFO | email_queue_handler.processor | email processed serial=2
2026-06-17 12:21:05,666 | INFO | email_queue_handler.processor | email processed serial=3
2026-06-17 12:21:05,666 | INFO | email_queue_handler.service | run complete fetched=3 sent=3 failed=0
2026-06-17 12:21:05,667 | INFO | email_queue_handler.service | starting service app=email-queue-handler env=DEV
2026-06-17 12:21:05,667 | INFO | email_queue_handler.service | running service app=email-queue-handler env=DEV
2026-06-17 12:21:05,667 | INFO | email_queue_handler.processor | email processed serial=1
2026-06-17 12:21:05,667 | ERROR | email_queue_handler.processor | email failed serial=2
Traceback (most recent call last):
  File "/home/jlant/4-projects/email-queue-handler/src/email_queue_handler/processor.py", line 49, in handle_email
    mailer.send_one(email)
  File "/home/jlant/4-projects/email-queue-handler/tests/conftest.py", line 66, in send_one
    raise ValueError(msg)
ValueError: simulated send failure for bad@x.com
2026-06-17 12:21:05,667 | INFO | email_queue_handler.processor | email processed serial=3
2026-06-17 12:21:05,667 | INFO | email_queue_handler.service | run complete fetched=3 sent=2 failed=1
2026-06-17 12:21:05,668 | INFO | email_queue_handler.service | starting service app=email-queue-handler env=DEV
2026-06-17 12:21:05,668 | INFO | email_queue_handler.service | running service app=email-queue-handler env=DEV
2026-06-17 12:21:05,668 | INFO | email_queue_handler.service | no pending emails
2026-06-17 12:21:05,668 | INFO | email_queue_handler.service | starting service app=email-queue-handler env=DEV
2026-06-17 12:21:05,669 | INFO | email_queue_handler.service | running service app=email-queue-handler env=DEV
2026-06-17 12:21:05,669 | INFO | email_queue_handler.service | starting service app=email-queue-handler env=DEV
2026-06-17 12:21:05,669 | INFO | email_queue_handler.service | running service app=email-queue-handler env=DEV
